<?xml version="1.0" encoding="UTF-8"?>
<testng-results ignored="0" total="7" passed="7" failed="0" skipped="0">
  <reporter-output>
  </reporter-output>
  <suite started-at="2020-05-28T03:23:15Z" name="Default suite" finished-at="2020-05-28T03:24:21Z" duration-ms="66328">
    <groups>
      <group name="cucumber">
        <method signature="AbstractTestNGCucumberTests.runScenario(cucumber.api.testng.PickleEventWrapper, cucumber.api.testng.CucumberFeatureWrapper)[pri:0, instance:runner.TestRunner@d4342c2]" name="runScenario" class="cucumber.api.testng.AbstractTestNGCucumberTests"/>
      </group> <!-- cucumber -->
    </groups>
    <test started-at="2020-05-28T03:23:15Z" name="Default test" finished-at="2020-05-28T03:24:21Z" duration-ms="66328">
      <class name="runner.TestRunner">
        <test-method is-config="true" signature="setUpClass()[pri:0, instance:runner.TestRunner@d4342c2]" started-at="2020-05-28T03:23:15Z" name="setUpClass" finished-at="2020-05-28T03:23:15Z" duration-ms="293" status="PASS">
          <reporter-output>
          </reporter-output>
        </test-method> <!-- setUpClass -->
        <test-method signature="runScenario(cucumber.api.testng.PickleEventWrapper, cucumber.api.testng.CucumberFeatureWrapper)[pri:0, instance:runner.TestRunner@d4342c2]" started-at="2020-05-28T03:23:15Z" name="runScenario" description="Runs Cucumber Scenarios" data-provider="scenarios" finished-at="2020-05-28T03:23:24Z" duration-ms="9344" status="PASS">
          <params>
            <param index="0">
              <value>
                <![CDATA["Creating account in BNS webpage"]]>
              </value>
            </param>
            <param index="1">
              <value>
                <![CDATA["BNS signup form"]]>
              </value>
            </param>
          </params>
          <reporter-output>
          </reporter-output>
        </test-method> <!-- runScenario -->
        <test-method signature="runScenario(cucumber.api.testng.PickleEventWrapper, cucumber.api.testng.CucumberFeatureWrapper)[pri:0, instance:runner.TestRunner@d4342c2]" started-at="2020-05-28T03:23:24Z" name="runScenario" description="Runs Cucumber Scenarios" data-provider="scenarios" finished-at="2020-05-28T03:23:37Z" duration-ms="12189" status="PASS">
          <params>
            <param index="0">
              <value>
                <![CDATA["Creating new account on BNS webpage"]]>
              </value>
            </param>
            <param index="1">
              <value>
                <![CDATA["BNS signup functionality"]]>
              </value>
            </param>
          </params>
          <reporter-output>
          </reporter-output>
        </test-method> <!-- runScenario -->
        <test-method signature="runScenario(cucumber.api.testng.PickleEventWrapper, cucumber.api.testng.CucumberFeatureWrapper)[pri:0, instance:runner.TestRunner@d4342c2]" started-at="2020-05-28T03:23:37Z" name="runScenario" description="Runs Cucumber Scenarios" data-provider="scenarios" finished-at="2020-05-28T03:23:45Z" duration-ms="8020" status="PASS">
          <params>
            <param index="0">
              <value>
                <![CDATA["Creating new account on BNS webpage"]]>
              </value>
            </param>
            <param index="1">
              <value>
                <![CDATA["BNS signup functionality"]]>
              </value>
            </param>
          </params>
          <reporter-output>
          </reporter-output>
        </test-method> <!-- runScenario -->
        <test-method signature="runScenario(cucumber.api.testng.PickleEventWrapper, cucumber.api.testng.CucumberFeatureWrapper)[pri:0, instance:runner.TestRunner@d4342c2]" started-at="2020-05-28T03:23:45Z" name="runScenario" description="Runs Cucumber Scenarios" data-provider="scenarios" finished-at="2020-05-28T03:23:53Z" duration-ms="8194" status="PASS">
          <params>
            <param index="0">
              <value>
                <![CDATA["Creating new account on BNS webpage"]]>
              </value>
            </param>
            <param index="1">
              <value>
                <![CDATA["BNS signup functionality"]]>
              </value>
            </param>
          </params>
          <reporter-output>
          </reporter-output>
        </test-method> <!-- runScenario -->
        <test-method signature="runScenario(cucumber.api.testng.PickleEventWrapper, cucumber.api.testng.CucumberFeatureWrapper)[pri:0, instance:runner.TestRunner@d4342c2]" started-at="2020-05-28T03:23:53Z" name="runScenario" description="Runs Cucumber Scenarios" data-provider="scenarios" finished-at="2020-05-28T03:24:01Z" duration-ms="7881" status="PASS">
          <params>
            <param index="0">
              <value>
                <![CDATA["Creating new account on BNS webpage"]]>
              </value>
            </param>
            <param index="1">
              <value>
                <![CDATA["BNS signup functionality"]]>
              </value>
            </param>
          </params>
          <reporter-output>
          </reporter-output>
        </test-method> <!-- runScenario -->
        <test-method signature="runScenario(cucumber.api.testng.PickleEventWrapper, cucumber.api.testng.CucumberFeatureWrapper)[pri:0, instance:runner.TestRunner@d4342c2]" started-at="2020-05-28T03:24:01Z" name="runScenario" description="Runs Cucumber Scenarios" data-provider="scenarios" finished-at="2020-05-28T03:24:09Z" duration-ms="8071" status="PASS">
          <params>
            <param index="0">
              <value>
                <![CDATA["Creating new account on BNS webpage"]]>
              </value>
            </param>
            <param index="1">
              <value>
                <![CDATA["BNS signup functionality"]]>
              </value>
            </param>
          </params>
          <reporter-output>
          </reporter-output>
        </test-method> <!-- runScenario -->
        <test-method signature="runScenario(cucumber.api.testng.PickleEventWrapper, cucumber.api.testng.CucumberFeatureWrapper)[pri:0, instance:runner.TestRunner@d4342c2]" started-at="2020-05-28T03:24:09Z" name="runScenario" description="Runs Cucumber Scenarios" data-provider="scenarios" finished-at="2020-05-28T03:24:21Z" duration-ms="12007" status="PASS">
          <params>
            <param index="0">
              <value>
                <![CDATA["Creating new account on BNS webpage"]]>
              </value>
            </param>
            <param index="1">
              <value>
                <![CDATA["BNS signup functionality"]]>
              </value>
            </param>
          </params>
          <reporter-output>
          </reporter-output>
        </test-method> <!-- runScenario -->
        <test-method is-config="true" signature="tearDownClass()[pri:0, instance:runner.TestRunner@d4342c2]" started-at="2020-05-28T03:24:21Z" name="tearDownClass" finished-at="2020-05-28T03:24:21Z" duration-ms="202" status="PASS">
          <reporter-output>
          </reporter-output>
        </test-method> <!-- tearDownClass -->
      </class> <!-- runner.TestRunner -->
    </test> <!-- Default test -->
  </suite> <!-- Default suite -->
</testng-results>
